<?xml version="1.0" encoding="UTF-8"?>
<!-- Generated by org.testng.reporters.JUnitReportReporter -->
<testsuite hostname="LAPTOP-5QUMFMFQ" failures="0" tests="1" name="com.selenium.Projecr2.NewTest6" time="21.434" errors="0" timestamp="2023-11-29T05:40:05 GMT-08:00" skipped="0">
  <testcase classname="com.selenium.Projecr2.NewTest6" name="f" time="21.434"/>
  <system-out/>
</testsuite> <!-- com.selenium.Projecr2.NewTest6 -->
