<?xml version="1.0" encoding="UTF-8"?>
<!-- Generated by org.testng.reporters.JUnitReportReporter -->
<testsuite hostname="LAPTOP-5QUMFMFQ" failures="0" tests="3" name="com.selenium.Projecr2.CrossBrowser" time="135.908" errors="0" timestamp="2023-11-29T06:08:01 GMT-08:00" skipped="0">
  <testcase classname="com.selenium.Projecr2.CrossBrowser" name="f" time="61.978"/>
  <system-out/>
  <testcase classname="com.selenium.Projecr2.CrossBrowser" name="f" time="39.948"/>
  <system-out/>
  <testcase classname="com.selenium.Projecr2.CrossBrowser" name="f" time="33.982"/>
  <system-out/>
</testsuite> <!-- com.selenium.Projecr2.CrossBrowser -->
