<?xml version="1.0" encoding="UTF-8"?>
<!-- Generated by org.testng.reporters.JUnitReportReporter -->
<testsuite hostname="LAPTOP-5QUMFMFQ" failures="0" tests="3" name="NewTest3" time="0.065" errors="0" timestamp="2023-11-25T05:55:51 GMT-08:00" skipped="1">
  <testcase classname="NewTest3" name="f" time="0.010"/>
  <system-out/>
  <testcase classname="NewTest3" name="beforeSuite" time="0.055"/>
  <system-out/>
  <testcase classname="NewTest3" name="afterSuite">
    <skipped/>
  </testcase> <!-- afterSuite -->
  <system-out/>
</testsuite> <!-- NewTest3 -->
