<?xml version="1.0" encoding="UTF-8"?>
<!-- Generated by org.testng.reporters.JUnitReportReporter -->
<testsuite hostname="LAPTOP-5QUMFMFQ" failures="0" tests="1" name="NewTest" time="20.778" errors="0" timestamp="2023-11-25T06:07:38 GMT-08:00" skipped="0">
  <testcase classname="NewTest" name="f" time="20.778"/>
  <system-out/>
</testsuite> <!-- NewTest -->
