<?xml version="1.0" encoding="UTF-8"?>
<!-- Generated by org.testng.reporters.JUnitReportReporter -->
<testsuite hostname="LAPTOP-5QUMFMFQ" failures="0" tests="1" name="NewTest1" time="0.037" errors="0" timestamp="2023-12-14T13:22:52 GMT-08:00" skipped="0">
  <testcase classname="NewTest1" name="f" time="0.037"/>
  <system-out/>
</testsuite> <!-- NewTest1 -->
